Array
(
    [price] => 12.99
    [timing] => 10:00 - 23:00
    [image_url] => https://upload.wikimedia.org/wikipedia/commons/a/a3/Eq_it-na_pizza-margherita_sep2005_sml.jpg
    [name] => Margherita
    [rating] => 4.6
    [description] => tester
    [id] => Pizza_1
)
Array
(
    [price] => 12.99
    [timing] => 10:00 - 23:00
    [image_url] => https://upload.wikimedia.org/wikipedia/commons/a/a3/Eq_it-na_pizza-margherita_sep2005_sml.jpg
    [name] => Margherita
    [rating] => 4.6
    [description] => tester
    [id] => Pizza_1
)
Array
(
    [price] => 12.99
    [timing] => 10:00 - 23:00
    [image_url] => https://upload.wikimedia.org/wikipedia/commons/a/a3/Eq_it-na_pizza-margherita_sep2005_sml.jpg
    [name] => Margherita
    [rating] => 4.7
    [description] => tester
    [id] => Pizza_1
)
Array
(
    [price] => 12.99
    [timing] => 10:00 - 23:00
    [image_url] => https://upload.wikimedia.org/wikipedia/commons/a/a3/Eq_it-na_pizza-margherita_sep2005_sml.jpg
    [name] => Margherita
    [rating] => 4.7
    [description] => testerr
    [id] => Pizza_1
)
Array
(
    [price] => 12.99
    [timing] => 10:00 - 23:00
    [image_url] => https://upload.wikimedia.org/wikipedia/commons/a/a3/Eq_it-na_pizza-margherita_sep2005_sml.jpg
    [name] => Margherita
    [rating] => 4.7
    [description] => testerr
    [id] => Pizza_1
)
Array
(
    [price] => 12.99
    [timing] => 10:00 - 23:00
    [image_url] => https://upload.wikimedia.org/wikipedia/commons/a/a3/Eq_it-na_pizza-margherita_sep2005_sml.jpg
    [name] => Margherita
    [rating] => 4.9
    [description] => food
    [id] => Pizza_1
)
Array
(
    [price] => 12.99
    [timing] => 10:00 - 23:00
    [image_url] => https://upload.wikimedia.org/wikipedia/commons/a/a3/Eq_it-na_pizza-margherita_sep2005_sml.jpg
    [name] => Margherita
    [rating] => 4.9
    [description] => food
    [id] => Pizza_1
)
Array
(
    [price] => 12.99
    [timing] => 10:00 - 23:00
    [image_url] => https://upload.wikimedia.org/wikipedia/commons/a/a3/Eq_it-na_pizza-margherita_sep2005_sml.jpg
    [name] => Margherita
    [rating] => 4.6
    [description] => test
    [id] => Pizza_1
)
Array
(
    [price] => 12.99
    [timing] => 10:00 - 23:00
    [image_url] => https://upload.wikimedia.org/wikipedia/commons/a/a3/Eq_it-na_pizza-margherita_sep2005_sml.jpg
    [name] => Margherita
    [rating] => 4.6
    [description] => test
    [id] => Pizza_1
)
Array
(
    [price] => 12.99
    [timing] => 10:00 - 23:00
    [image_url] => https://upload.wikimedia.org/wikipedia/commons/a/a3/Eq_it-na_pizza-margherita_sep2005_sml.jpg
    [name] => Margherita
    [rating] => 4.6
    [description] => test
    [id] => Pizza_1
)
Array
(
    [price] => 12.99
    [timing] => 10:00 - 23:00
    [image_url] => https://upload.wikimedia.org/wikipedia/commons/a/a3/Eq_it-na_pizza-margherita_sep2005_sml.jpg
    [name] => Margherita
    [rating] => 4.9
    [description] => u
    [id] => Pizza_1
)
Array
(
    [price] => 12.99
    [timing] => 10:00 - 23:00
    [image_url] => https://upload.wikimedia.org/wikipedia/commons/a/a3/Eq_it-na_pizza-margherita_sep2005_sml.jpg
    [name] => Margherita
    [rating] => 4.9
    [description] => u
    [id] => Pizza_1
)
Array
(
    [price] => 12.99
    [timing] => 10:00 - 23:00
    [image_url] => https://upload.wikimedia.org/wikipedia/commons/a/a3/Eq_it-na_pizza-margherita_sep2005_sml.jpg
    [name] => Margherita
    [rating] => 4.9
    [description] => u
    [id] => Pizza_1
)
Array
(
    [price] => 12.99
    [timing] => 10:00 - 23:00
    [image_url] => https://upload.wikimedia.org/wikipedia/commons/a/a3/Eq_it-na_pizza-margherita_sep2005_sml.jpg
    [name] => Margherita
    [rating] => 4.9
    [description] => u
    [id] => Pizza_1
)
Array
(
    [price] => 12.99
    [timing] => 10:00 - 23:00
    [image_url] => https://upload.wikimedia.org/wikipedia/commons/a/a3/Eq_it-na_pizza-margherita_sep2005_sml.jpg
    [name] => Margherita
    [rating] => 4.6
    [description] => hhh
    [id] => Pizza_1
)
Array
(
    [price] => 12.99
    [timing] => 10:00 - 23:00
    [image_url] => https://upload.wikimedia.org/wikipedia/commons/a/a3/Eq_it-na_pizza-margherita_sep2005_sml.jpg
    [name] => Margherita
    [rating] => 4.6
    [description] => hhh
    [id] => Pizza_1
)
Array
(
    [price] => 12.99
    [timing] => 10:00 - 23:00
    [image_url] => https://upload.wikimedia.org/wikipedia/commons/a/a3/Eq_it-na_pizza-margherita_sep2005_sml.jpg
    [name] => Margherita
    [rating] => 4.6
    [description] => hhh
    [id] => Pizza_1
)
Array
(
    [price] => 12.99
    [timing] => 10:00 - 23:00
    [image_url] => https://upload.wikimedia.org/wikipedia/commons/a/a3/Eq_it-na_pizza-margherita_sep2005_sml.jpg
    [name] => Margherita
    [rating] => 4.6
    [description] => hhh
    [id] => Pizza_1
)
Array
(
    [price] => 12.99
    [timing] => 10:00 - 23:00
    [image_url] => https://upload.wikimedia.org/wikipedia/commons/a/a3/Eq_it-na_pizza-margherita_sep2005_sml.jpg
    [name] => Margherita
    [rating] => 4.6
    [description] => hhh
    [id] => Pizza_1
)
Array
(
    [price] => 12.99
    [timing] => 10:00 - 23:00
    [image_url] => https://upload.wikimedia.org/wikipedia/commons/a/a3/Eq_it-na_pizza-margherita_sep2005_sml.jpg
    [name] => Margherita
    [rating] => 4.6
    [description] => hhh
    [id] => Pizza_1
)
Array
(
    [price] => 12.99
    [timing] => 10:00 - 23:00
    [image_url] => https://upload.wikimedia.org/wikipedia/commons/a/a3/Eq_it-na_pizza-margherita_sep2005_sml.jpg
    [name] => Margherita
    [rating] => 4.6
    [description] => hhh
    [id] => Pizza_1
)
Array
(
    [price] => 12.99
    [timing] => 10:00 - 23:00
    [image_url] => https://upload.wikimedia.org/wikipedia/commons/a/a3/Eq_it-na_pizza-margherita_sep2005_sml.jpg
    [name] => Margherita
    [rating] => 4.6
    [description] => hhh
    [id] => Pizza_1
)
Array
(
    [price] => 12.99
    [timing] => 10:00 - 23:00
    [image_url] => https://upload.wikimedia.org/wikipedia/commons/a/a3/Eq_it-na_pizza-margherita_sep2005_sml.jpg
    [name] => Margherita
    [rating] => 4.6
    [description] => hhh
    [id] => Pizza_1
)
Array
(
    [price] => 12.99
    [timing] => 10:00 - 23:00
    [image_url] => https://upload.wikimedia.org/wikipedia/commons/a/a3/Eq_it-na_pizza-margherita_sep2005_sml.jpg
    [name] => Margherita
    [rating] => 4.6
    [description] => hhh
    [id] => Pizza_1
)
Array
(
    [price] => 12.99
    [timing] => 10:00 - 23:00
    [image_url] => https://upload.wikimedia.org/wikipedia/commons/a/a3/Eq_it-na_pizza-margherita_sep2005_sml.jpg
    [name] => Margherita
    [rating] => 4.6
    [description] => hhh
    [id] => Pizza_1
)
Array
(
    [price] => 12.99
    [timing] => 10:00 - 23:00
    [image_url] => https://upload.wikimedia.org/wikipedia/commons/a/a3/Eq_it-na_pizza-margherita_sep2005_sml.jpg
    [name] => Margherita
    [rating] => 4.6
    [description] => hhh
    [id] => Pizza_1
)
Array
(
    [price] => 12.99
    [timing] => 10:00 - 23:00
    [image_url] => https://upload.wikimedia.org/wikipedia/commons/a/a3/Eq_it-na_pizza-margherita_sep2005_sml.jpg
    [name] => Margherita
    [rating] => 4.6
    [description] => hhh
    [id] => Pizza_1
)
Array
(
    [price] => 12.99
    [timing] => 10:00 - 23:00
    [image_url] => https://upload.wikimedia.org/wikipedia/commons/a/a3/Eq_it-na_pizza-margherita_sep2005_sml.jpg
    [name] => Margherita
    [rating] => 4.9
    [description] => tester
    [id] => Pizza_1
)
